BandPersonalizationApp/build/outputs/logs/manifest-merger-debug-report.txt
-- Merging decision tree log ---
manifest
ADDED from Senior_design\BandPersonalizationApp\AndroidManifest.xml:2:1-27:12
INJECTED from Senior_design\BandPersonalizationApp\AndroidManifest.xml:2:1-27:12
INJECTED from Senior_design\BandPersonalizationApp\AndroidManifest.xml:2:1-27:12
INJECTED from Senior_design\BandPersonalizationApp\AndroidManifest.xml:2:1-27:12
INJECTED from Senior_design\BandPersonalizationApp\AndroidManifest.xml:2:1-27:12
	package
		ADDED from Senior_design\BandPersonalizationApp\AndroidManifest.xml:3:5-63
	android:versionName
		ADDED from Senior_design\BandPersonalizationApp\AndroidManifest.xml:5:5-30
		INJECTED from Senior_design\BandPersonalizationApp\AndroidManifest.xml
		INJECTED from Senior_design\BandPersonalizationApp\AndroidManifest.xml
	xmlns:android
		ADDED from Senior_design\BandPersonalizationApp\AndroidManifest.xml:2:11-69
	android:versionCode
		ADDED from Senior_design\BandPersonalizationApp\AndroidManifest.xml:4:5-28
		INJECTED from Senior_design\BandPersonalizationApp\AndroidManifest.xml
		INJECTED from Senior_design\BandPersonalizationApp\AndroidManifest.xml
uses-permission#android.permission.BLUETOOTH
ADDED from Senior_design\BandPersonalizationApp\AndroidManifest.xml:7:5-68
	android:name
		ADDED from Senior_design\BandPersonalizationApp\AndroidManifest.xml:7:22-65
uses-permission#com.microsoft.band.service.access.BIND_BAND_SERVICE
ADDED from Senior_design\BandPersonalizationApp\AndroidManifest.xml:8:5-91
	android:name
		ADDED from Senior_design\BandPersonalizationApp\AndroidManifest.xml:8:22-88
application
ADDED from Senior_design\BandPersonalizationApp\AndroidManifest.xml:10:5-25:19
	android:label
		ADDED from Senior_design\BandPersonalizationApp\AndroidManifest.xml:13:9-41
	android:icon
		ADDED from Senior_design\BandPersonalizationApp\AndroidManifest.xml:12:9-45
	android:allowBackup
		ADDED from Senior_design\BandPersonalizationApp\AndroidManifest.xml:11:9-35
	android:theme
		ADDED from Senior_design\BandPersonalizationApp\AndroidManifest.xml:14:9-40
activity#com.microsoft.band.sdk.sampleapp.BandPersonalizationAppActivity
ADDED from Senior_design\BandPersonalizationApp\AndroidManifest.xml:15:9-24:20
	android:screenOrientation
		ADDED from Senior_design\BandPersonalizationApp\AndroidManifest.xml:17:13-49
	android:label
		ADDED from Senior_design\BandPersonalizationApp\AndroidManifest.xml:18:13-45
	android:name
		ADDED from Senior_design\BandPersonalizationApp\AndroidManifest.xml:16:13-91
intent-filter#action:name:android.intent.action.MAIN+category:name:android.intent.category.LAUNCHER
ADDED from Senior_design\BandPersonalizationApp\AndroidManifest.xml:19:13-23:29
action#android.intent.action.MAIN
ADDED from Senior_design\BandPersonalizationApp\AndroidManifest.xml:20:17-69
	android:name
		ADDED from Senior_design\BandPersonalizationApp\AndroidManifest.xml:20:25-66
category#android.intent.category.LAUNCHER
ADDED from Senior_design\BandPersonalizationApp\AndroidManifest.xml:22:17-77
	android:name
		ADDED from Senior_design\BandPersonalizationApp\AndroidManifest.xml:22:27-74
uses-sdk
INJECTED from Senior_design\BandPersonalizationApp\AndroidManifest.xml reason: use-sdk injection requested
INJECTED from Senior_design\BandPersonalizationApp\AndroidManifest.xml
INJECTED from Senior_design\BandPersonalizationApp\AndroidManifest.xml
	android:minSdkVersion
		INJECTED from Senior_design\BandPersonalizationApp\AndroidManifest.xml
		ADDED from Senior_design\BandPersonalizationApp\AndroidManifest.xml
		INJECTED from Senior_design\BandPersonalizationApp\AndroidManifest.xml